This file contains any messages produced by compilers while
running configure, to aid debugging if configure makes a mistake.

It was created by kexec-tools configure 2.0.2, which was
generated by GNU Autoconf 2.69.  Invocation command line was

  $ ./configure --host=arm CC=arm-linux-androideabi-gcc --prefix=/usr --build=arm-linux-androideabi --target=arm-linux-androideabi

## --------- ##
## Platform. ##
## --------- ##

hostname = surge-MacBookPro
uname -m = x86_64
uname -r = 3.13.0-24-generic
uname -s = Linux
uname -v = #47-Ubuntu SMP Fri May 2 23:30:00 UTC 2014

/usr/bin/uname -p = unknown
/bin/uname -X     = unknown

/bin/arch              = unknown
/usr/bin/arch -k       = unknown
/usr/convex/getsysinfo = unknown
/usr/bin/hostinfo      = unknown
/bin/machine           = unknown
/usr/bin/oslevel       = unknown
/bin/universe          = unknown

PATH: /home/surge/android-toolchain/bin/
PATH: /home/surge/android-toolchain/bin/
PATH: /home/surge/android-toolchain/bin/
PATH: /home/surge/android-toolchain/bin/
PATH: /home/surge/android-toolchain/bin/
PATH: /home/surge/android-sdk
PATH: /home/surge/android-sdk/tools
PATH: /home/surge/android-sdk/platform-tools
PATH: /home/surge/bin
PATH: /usr/local/sbin
PATH: /usr/local/bin
PATH: /usr/sbin
PATH: /usr/bin
PATH: /sbin
PATH: /bin
PATH: /usr/games
PATH: /usr/local/games
PATH: /usr/lib/jvm/java-7-oracle/bin
PATH: /home/surge/Desktop/arm-2014.05/bin
PATH: /home/surge/android-sdk/tools
PATH: /home/surge/android-ndk
PATH: /home/surge/android-sdk/platform-tools
PATH: ~/bin
PATH: /home/surge/android
PATH: /opt/android-ndk


## ----------- ##
## Core tests. ##
## ----------- ##

configure:2074: checking build system type
configure:2085: error: /bin/bash ./config/config.sub arm-linux-androideabi failed

## ---------------- ##
## Cache variables. ##
## ---------------- ##

ac_cv_build=
ac_cv_env_CC_set=set
ac_cv_env_CC_value=arm-linux-androideabi-gcc
ac_cv_env_CFLAGS_set=set
ac_cv_env_CFLAGS_value=--sysroot=/opt/android-ndk/platforms/android-L/arch-arm/
ac_cv_env_CPPFLAGS_set=set
ac_cv_env_CPPFLAGS_value=-I/opt/android-ndk/platforms/android-L/arch-arm/
ac_cv_env_CPP_set=
ac_cv_env_CPP_value=
ac_cv_env_LDFLAGS_set=set
ac_cv_env_LDFLAGS_value=-static
ac_cv_env_LIBS_set=
ac_cv_env_LIBS_value=
ac_cv_env_build_alias_set=set
ac_cv_env_build_alias_value=arm-linux-androideabi
ac_cv_env_host_alias_set=set
ac_cv_env_host_alias_value=arm
ac_cv_env_target_alias_set=set
ac_cv_env_target_alias_value=arm-linux-androideabi

## ----------------- ##
## Output variables. ##
## ----------------- ##

AR='arm-linux-androideabi-ar'
ARCH='arm'
AS='arm-linux-androideabi-as'
ASFLAGS=''
BUILD_CC=''
BUILD_CFLAGS=''
CC='arm-linux-androideabi-gcc'
CFLAGS='--sysroot=/opt/android-ndk/platforms/android-L/arch-arm/'
CP=''
CPP=''
CPPFLAGS='-I/opt/android-ndk/platforms/android-L/arch-arm/'
DEFS=''
DIRNAME=''
ECHO_C=''
ECHO_N='-n'
ECHO_T=''
EGREP=''
EXEEXT=''
FIND=''
GREP=''
INSTALL=''
INSTALL_DATA=''
INSTALL_PROGRAM=''
INSTALL_SCRIPT=''
LD='arm-linux-androideabi-ld'
LDFLAGS='-static'
LIBOBJS=''
LIBS=''
LN=''
LTLIBOBJS=''
MKDIR=''
OBJCOPY=''
OBJDIR=''
OBJEXT=''
PACKAGE_BUGREPORT=''
PACKAGE_NAME='kexec-tools'
PACKAGE_STRING='kexec-tools 2.0.2'
PACKAGE_TARNAME='kexec-tools'
PACKAGE_URL=''
PACKAGE_VERSION='2.0.2'
PATH_SEPARATOR=':'
PURGATORY_EXTRA_CFLAGS=''
RM=''
RPMBUILD=''
SED=''
SHELL='/bin/bash'
TAR=''
TARGET_CC=''
TARGET_CFLAGS=''
TARGET_LD=''
XARGS=''
ac_ct_CC=''
bindir='${exec_prefix}/bin'
build='arm-linux-androideabi'
build_alias='arm-linux-androideabi'
build_cpu=''
build_os=''
build_vendor=''
datadir='${datarootdir}'
datarootdir='${prefix}/share'
docdir='${datarootdir}/doc/${PACKAGE_TARNAME}'
dvidir='${docdir}'
exec_prefix='NONE'
host='arm'
host_alias='arm'
host_cpu=''
host_os=''
host_vendor=''
htmldir='${docdir}'
includedir='${prefix}/include'
infodir='${datarootdir}/info'
libdir='${exec_prefix}/lib'
libexecdir='${exec_prefix}/libexec'
localedir='${datarootdir}/locale'
localstatedir='${prefix}/var'
mandir='${datarootdir}/man'
oldincludedir='/usr/include'
pdfdir='${docdir}'
prefix='/usr'
program_transform_name='s,x,x,'
psdir='${docdir}'
sbindir='${exec_prefix}/sbin'
sharedstatedir='${prefix}/com'
sysconfdir='${prefix}/etc'
target='arm-linux-androideabi'
target_alias='arm-linux-androideabi'
target_cpu=''
target_os=''
target_vendor=''

## ----------- ##
## confdefs.h. ##
## ----------- ##

/* confdefs.h */
#define PACKAGE_NAME "kexec-tools"
#define PACKAGE_TARNAME "kexec-tools"
#define PACKAGE_VERSION "2.0.2"
#define PACKAGE_STRING "kexec-tools 2.0.2"
#define PACKAGE_BUGREPORT ""
#define PACKAGE_URL ""
#define PACKAGE_DATE "02 October 2014"

configure: exit 1
